build/app/outputs/mapping/release/mapping.txt
# compiler: R8
# compiler_version: 2.1.62
# min_api: 20
# pg_map_id: e77ce5c
# common_typos_disable
...
kotlinx.coroutines.JobKt__JobKt -> kotlinx.coroutines.s1:
    kotlinx.coroutines.CompletableJob Job(kotlinx.coroutines.Job) -> a
    kotlinx.coroutines.CompletableJob Job$default(kotlinx.coroutines.Job,int,java.lang.Object) -> b
    void cancel(kotlin.coroutines.CoroutineContext,java.util.concurrent.CancellationException) -> c
    void ensureActive(kotlin.coroutines.CoroutineContext) -> d
    void ensureActive(kotlinx.coroutines.Job) -> e
kotlinx.coroutines.JobNode -> kotlinx.coroutines.t1:
    kotlinx.coroutines.JobSupport job -> p
    void setJob(kotlinx.coroutines.JobSupport) -> A
    void dispose() -> b
    boolean isActive() -> c
    kotlinx.coroutines.NodeList getList() -> h
    kotlinx.coroutines.JobSupport getJob() -> z
kotlinx.coroutines.JobSupport -> kotlinx.coroutines.u1:
    java.util.concurrent.atomic.AtomicReferenceFieldUpdater _state$FU -> m
    kotlinx.coroutines.ChildHandleNode firstChild(kotlinx.coroutines.Incomplete) -> A
    java.util.concurrent.CancellationException getChildJobCancellationCause() -> B
    java.lang.Throwable getExceptionOrNull(java.lang.Object) -> C
    kotlinx.coroutines.DisposableHandle invokeOnCompletion(boolean,boolean,kotlin.jvm.functions.Function1) -> D
    java.lang.Throwable getFinalRootCause(kotlinx.coroutines.JobSupport$Finishing,java.util.List) -> E
    boolean getHandlesException$kotlinx_coroutines_core() -> F
    java.util.concurrent.CancellationException getCancellationException() -> G
    boolean getOnCancelComplete$kotlinx_coroutines_core() -> H
    kotlinx.coroutines.NodeList getOrPromoteCancellingList(kotlinx.coroutines.Incomplete) -> I
    kotlinx.coroutines.ChildHandle getParentHandle$kotlinx_coroutines_core() -> J
    void cancel(java.util.concurrent.CancellationException) -> K
    java.lang.Object getState$kotlinx_coroutines_core() -> L
    void parentCancelled(kotlinx.coroutines.ParentJob) -> M
    boolean handleJobException(java.lang.Throwable) -> N
    void handleOnCompletionException$kotlinx_coroutines_core(java.lang.Throwable) -> O
    void initParentJob(kotlinx.coroutines.Job) -> Q
    boolean isCompleted() -> R
    boolean isScopedCoroutine() -> S
    kotlinx.coroutines.ChildHandle attachChild(kotlinx.coroutines.ChildJob) -> T
kotlinx.coroutines.JobSupport$ChildCompletion -> kotlinx.coroutines.u1$a:
    kotlinx.coroutines.JobSupport parent -> q
    java.lang.Object proposedUpdate -> t
    kotlinx.coroutines.ChildHandleNode child -> s
    kotlinx.coroutines.JobSupport$Finishing state -> r
    void invoke(java.lang.Throwable) -> y
kotlinx.coroutines.JobSupport$Finishing -> kotlinx.coroutines.u1$b:
    kotlinx.coroutines.NodeList list -> m
    void addExceptionLocked(java.lang.Throwable) -> a
    java.util.ArrayList allocateList() -> b
    boolean isActive() -> c
    java.lang.Object getExceptionsHolder() -> d
    java.lang.Throwable getRootCause() -> e
    boolean isCancelling() -> f
    boolean isCompleting() -> g
    kotlinx.coroutines.NodeList getList() -> h
    boolean isSealed() -> i
    java.util.List sealLocked(java.lang.Throwable) -> j
    void setCompleting(boolean) -> k
    void setExceptionsHolder(java.lang.Object) -> l
    void setRootCause(java.lang.Throwable) -> m
kotlinx.coroutines.JobSupport$addLastAtomic$$inlined$addLastIf$1 -> kotlinx.coroutines.u1$c:
    kotlinx.coroutines.JobSupport this$0 -> d
    java.lang.Object $expect$inlined -> e
    java.lang.Object prepare(java.lang.Object) -> g
    java.lang.Object prepare(kotlinx.coroutines.internal.LockFreeLinkedListNode) -> i